# JRE version: Java(TM) SE Runtime Environment (8.0_251-b08) (build 1.8.0_251-b08)
# Java VM: Java HotSpot(TM) 64-Bit Server VM (25.251-b08 mixed mode windows-amd64 compressed oops)
Heap:
 PSYoungGen      total 606208K, used 462286K [0x00000000d5d00000, 0x0000000100000000, 0x0000000100000000)
  eden space 529408K, 73% used [0x00000000d5d00000,0x00000000ed75f910,0x00000000f6200000)
  from space 76800K, 97% used [0x00000000f6200000,0x00000000fab14280,0x00000000fad00000)
  to   space 84992K, 0% used [0x00000000fad00000,0x00000000fad00000,0x0000000100000000)
 ParOldGen       total 137216K, used 107295K [0x0000000081600000, 0x0000000089c00000, 0x00000000d5d00000)
  object space 137216K, 78% used [0x0000000081600000,0x0000000087ec7d30,0x0000000089c00000)
 Metaspace       used 64991K, capacity 72476K, committed 72792K, reserved 1110016K
  class space    used 9291K, capacity 11316K, committed 11392K, reserved 1048576K
GC Heap History (10 events):
Event: 6478.217 GC heap before
{Heap before GC invocations=230 (full 15):
 PSYoungGen      total 598016K, used 519168K [0x00000000d5d00000, 0x0000000100000000, 0x0000000100000000)
  eden space 519168K, 100% used [0x00000000d5d00000,0x00000000f5800000,0x00000000f5800000)
  from space 78848K, 0% used [0x00000000faa00000,0x00000000faa00000,0x00000000ff700000)
  to   space 83968K, 0% used [0x00000000f5800000,0x00000000f5800000,0x00000000faa00000)
 ParOldGen       total 137216K, used 107279K [0x0000000081600000, 0x0000000089c00000, 0x00000000d5d00000)
  object space 137216K, 78% used [0x0000000081600000,0x0000000087ec3d30,0x0000000089c00000)
 Metaspace       used 64780K, capacity 72140K, committed 72408K, reserved 1110016K
  class space    used 9252K, capacity 11208K, committed 11264K, reserved 1048576K
Event: 6478.242 GC heap after
Heap after GC invocations=230 (full 15):
 PSYoungGen      total 603136K, used 24192K [0x00000000d5d00000, 0x0000000100000000, 0x0000000100000000)
  eden space 519168K, 0% used [0x00000000d5d00000,0x00000000d5d00000,0x00000000f5800000)
  from space 83968K, 28% used [0x00000000f5800000,0x00000000f6fa0038,0x00000000faa00000)
  to   space 83968K, 0% used [0x00000000fae00000,0x00000000fae00000,0x0000000100000000)
 ParOldGen       total 137216K, used 107287K [0x0000000081600000, 0x0000000089c00000, 0x00000000d5d00000)
  object space 137216K, 78% used [0x0000000081600000,0x0000000087ec5d30,0x0000000089c00000)
 Metaspace       used 64780K, capacity 72140K, committed 72408K, reserved 1110016K
  class space    used 9252K, capacity 11208K, committed 11264K, reserved 1048576K
}
Event: 6483.225 GC heap before
{Heap before GC invocations=231 (full 15):
 PSYoungGen      total 603136K, used 543360K [0x00000000d5d00000, 0x0000000100000000, 0x0000000100000000)
  eden space 519168K, 100% used [0x00000000d5d00000,0x00000000f5800000,0x00000000f5800000)
  from space 83968K, 28% used [0x00000000f5800000,0x00000000f6fa0038,0x00000000faa00000)
  to   space 83968K, 0% used [0x00000000fae00000,0x00000000fae00000,0x0000000100000000)
 ParOldGen       total 137216K, used 107287K [0x0000000081600000, 0x0000000089c00000, 0x00000000d5d00000)
  object space 137216K, 78% used [0x0000000081600000,0x0000000087ec5d30,0x0000000089c00000)
 Metaspace       used 64780K, capacity 72140K, committed 72408K, reserved 1110016K
  class space    used 9252K, capacity 11208K, committed 11264K, reserved 1048576K
Event: 6483.274 GC heap after
Heap after GC invocations=231 (full 15):
 PSYoungGen      total 602112K, used 47991K [0x00000000d5d00000, 0x00000000ffb00000, 0x0000000100000000)
  eden space 523264K, 0% used [0x00000000d5d00000,0x00000000d5d00000,0x00000000f5c00000)
  from space 78848K, 60% used [0x00000000fae00000,0x00000000fdcddfb0,0x00000000ffb00000)
  to   space 81408K, 0% used [0x00000000f5c00000,0x00000000f5c00000,0x00000000fab80000)
 ParOldGen       total 137216K, used 107287K [0x0000000081600000, 0x0000000089c00000, 0x00000000d5d00000)
  object space 137216K, 78% used [0x0000000081600000,0x0000000087ec5d30,0x0000000089c00000)
 Metaspace       used 64780K, capacity 72140K, committed 72408K, reserved 1110016K
  class space    used 9252K, capacity 11208K, committed 11264K, reserved 1048576K
}
Event: 6486.038 GC heap before
{Heap before GC invocations=232 (full 15):
 PSYoungGen      total 602112K, used 571255K [0x00000000d5d00000, 0x00000000ffb00000, 0x0000000100000000)
  eden space 523264K, 100% used [0x00000000d5d00000,0x00000000f5c00000,0x00000000f5c00000)
  from space 78848K, 60% used [0x00000000fae00000,0x00000000fdcddfb0,0x00000000ffb00000)
  to   space 81408K, 0% used [0x00000000f5c00000,0x00000000f5c00000,0x00000000fab80000)
 ParOldGen       total 137216K, used 107287K [0x0000000081600000, 0x0000000089c00000, 0x00000000d5d00000)
  object space 137216K, 78% used [0x0000000081600000,0x0000000087ec5d30,0x0000000089c00000)
 Metaspace       used 64780K, capacity 72140K, committed 72408K, reserved 1110016K
  class space    used 9252K, capacity 11208K, committed 11264K, reserved 1048576K
Event: 6486.081 GC heap after
Heap after GC invocations=232 (full 15):
 PSYoungGen      total 604672K, used 49921K [0x00000000d5d00000, 0x0000000100000000, 0x0000000100000000)
  eden space 523264K, 0% used [0x00000000d5d00000,0x00000000d5d00000,0x00000000f5c00000)
  from space 81408K, 61% used [0x00000000f5c00000,0x00000000f8cc06d0,0x00000000fab80000)
  to   space 80384K, 0% used [0x00000000fb180000,0x00000000fb180000,0x0000000100000000)
 ParOldGen       total 137216K, used 107287K [0x0000000081600000, 0x0000000089c00000, 0x00000000d5d00000)
  object space 137216K, 78% used [0x0000000081600000,0x0000000087ec5d30,0x0000000089c00000)
 Metaspace       used 64780K, capacity 72140K, committed 72408K, reserved 1110016K
  class space    used 9252K, capacity 11208K, committed 11264K, reserved 1048576K
}
Event: 6489.080 GC heap before
{Heap before GC invocations=233 (full 15):
 PSYoungGen      total 604672K, used 573185K [0x00000000d5d00000, 0x0000000100000000, 0x0000000100000000)
  eden space 523264K, 100% used [0x00000000d5d00000,0x00000000f5c00000,0x00000000f5c00000)
  from space 81408K, 61% used [0x00000000f5c00000,0x00000000f8cc06d0,0x00000000fab80000)
  to   space 80384K, 0% used [0x00000000fb180000,0x00000000fb180000,0x0000000100000000)
 ParOldGen       total 137216K, used 107287K [0x0000000081600000, 0x0000000089c00000, 0x00000000d5d00000)
  object space 137216K, 78% used [0x0000000081600000,0x0000000087ec5d30,0x0000000089c00000)
 Metaspace       used 64780K, capacity 72140K, committed 72408K, reserved 1110016K
  class space    used 9252K, capacity 11208K, committed 11264K, reserved 1048576K
Event: 6489.132 GC heap after
Heap after GC invocations=233 (full 15):
 PSYoungGen      total 601600K, used 42412K [0x00000000d5d00000, 0x00000000ff800000, 0x0000000100000000)
  eden space 529408K, 0% used [0x00000000d5d00000,0x00000000d5d00000,0x00000000f6200000)
  from space 72192K, 58% used [0x00000000fb180000,0x00000000fdaeb3e8,0x00000000ff800000)
  to   space 76800K, 0% used [0x00000000f6200000,0x00000000f6200000,0x00000000fad00000)
 ParOldGen       total 137216K, used 107287K [0x0000000081600000, 0x0000000089c00000, 0x00000000d5d00000)
  object space 137216K, 78% used [0x0000000081600000,0x0000000087ec5d30,0x0000000089c00000)
 Metaspace       used 64780K, capacity 72140K, committed 72408K, reserved 1110016K
  class space    used 9252K, capacity 11208K, committed 11264K, reserved 1048576K
}
Event: 6556.561 GC heap before
{Heap before GC invocations=234 (full 15):
 PSYoungGen      total 601600K, used 571820K [0x00000000d5d00000, 0x00000000ff800000, 0x0000000100000000)
  eden space 529408K, 100% used [0x00000000d5d00000,0x00000000f6200000,0x00000000f6200000)
  from space 72192K, 58% used [0x00000000fb180000,0x00000000fdaeb3e8,0x00000000ff800000)
  to   space 76800K, 0% used [0x00000000f6200000,0x00000000f6200000,0x00000000fad00000)
 ParOldGen       total 137216K, used 107287K [0x0000000081600000, 0x0000000089c00000, 0x00000000d5d00000)
  object space 137216K, 78% used [0x0000000081600000,0x0000000087ec5d30,0x0000000089c00000)
 Metaspace       used 64818K, capacity 72236K, committed 72408K, reserved 1110016K
  class space    used 9255K, capacity 11240K, committed 11264K, reserved 1048576K
Event: 6556.703 GC heap after
Heap after GC invocations=234 (full 15):
 PSYoungGen      total 606208K, used 74832K [0x00000000d5d00000, 0x0000000100000000, 0x0000000100000000)
  eden space 529408K, 0% used [0x00000000d5d00000,0x00000000d5d00000,0x00000000f6200000)
  from space 76800K, 97% used [0x00000000f6200000,0x00000000fab14280,0x00000000fad00000)
  to   space 84992K, 0% used [0x00000000fad00000,0x00000000fad00000,0x0000000100000000)
 ParOldGen       total 137216K, used 107295K [0x0000000081600000, 0x0000000089c00000, 0x00000000d5d00000)
  object space 137216K, 78% used [0x0000000081600000,0x0000000087ec7d30,0x0000000089c00000)
 Metaspace       used 64818K, capacity 72236K, committed 72408K, reserved 1110016K
  class space    used 9255K, capacity 11240K, committed 11264K, reserved 1048576K
}

